0 silly argv {
0 silly argv   _: [ 'run' ],
0 silly argv   stream: true,
0 silly argv   lernaVersion: '3.18.3',
0 silly argv   '$0': 'node_modules/.bin/lerna',
0 silly argv   script: 'dev:viewer'
0 silly argv }
1 notice cli v3.18.3
2 verbose rootPath /home/ed/apollo-viewer
3 info versioning independent
4 info Executing command in 1 package: "yarn run dev:viewer"
5 silly npmRunScript.stream [ 'dev:viewer', [], '@ohif/viewer' ]
6 silly getExecOpts /home/ed/apollo-viewer/platform/viewer undefined
7 error Error: Command failed: yarn run dev:viewer
7 error Browserslist: caniuse-lite is outdated. Please run next command `yarn upgrade`
7 error (node:869877) Warning: Accessing non-existent property 'lineno' of module exports inside circular dependency
7 error (Use `node --trace-warnings ...` to show where the warning was created)
7 error (node:869877) Warning: Accessing non-existent property 'column' of module exports inside circular dependency
7 error (node:869877) Warning: Accessing non-existent property 'filename' of module exports inside circular dependency
7 error (node:869877) Warning: Accessing non-existent property 'lineno' of module exports inside circular dependency
7 error (node:869877) Warning: Accessing non-existent property 'column' of module exports inside circular dependency
7 error (node:869877) Warning: Accessing non-existent property 'filename' of module exports inside circular dependency
7 error [33m⚠[39m [90m｢wdm｣[39m: Hash: [1m36d631c312389579e7d9[39m[22m
7 error Version: webpack [1m4.41.2[39m[22m
7 error Time: [1m24342[39m[22mms
7 error Built at: 10/26/2021 [1m10:42:25 AM[39m[22m
7 error                                                                                                   [1mAsset[39m[22m       [1mSize[39m[22m                                                                                               [1mChunks[39m[22m  [1m[39m[22m           [1m[39m[22m[1mChunk Names[39m[22m
7 error                                                                                                    [1m[32m0.js[39m[22m    146 KiB                                                                                                    [1m0[39m[22m  [1m[32m[emitted][39m[22m
7 error                                                                                                    [1m[32m1.js[39m[22m    228 KiB                                                                                                    [1m1[39m[22m  [1m[32m[emitted][39m[22m
7 error                                                                                                   [1m[32m2.css[39m[22m   1.15 KiB                                                                                                    [1m2[39m[22m  [1m[32m[emitted][39m[22m
7 error                                                                                                    [1m[32m2.js[39m[22m     72 KiB                                                                                                    [1m2[39m[22m  [1m[32m[emitted][39m[22m
7 error                                                                                                   [1m[32m3.css[39m[22m   1.42 KiB                                                                                                    [1m3[39m[22m  [1m[32m[emitted][39m[22m
7 error                                                                                                    [1m[32m3.js[39m[22m   79.6 KiB                                                                                                    [1m3[39m[22m  [1m[32m[emitted][39m[22m
7 error                                                                                                   [1m[32m4.css[39m[22m  188 bytes                                                                                                    [1m4[39m[22m  [1m[32m[emitted][39m[22m
7 error                                                                                                    [1m[32m4.js[39m[22m   57.8 KiB                                                                                                    [1m4[39m[22m  [1m[32m[emitted][39m[22m
7 error                                                                                                    [1m[32m5.js[39m[22m   6.02 MiB                                                                                                    [1m5[39m[22m  [1m[32m[emitted][39m[22m
7 error                                                                                                    [1m[32m6.js[39m[22m   18.4 KiB                                                                                                    [1m6[39m[22m  [1m[32m[emitted][39m[22m
7 error                                                                                                    [1m[32m7.js[39m[22m    994 KiB                                                                                                    [1m7[39m[22m  [1m[32m[emitted][39m[22m
7 error                                                                                         [1m[32mCallbackPage.js[39m[22m    8.9 KiB                                                                                         [1mCallbackPage[39m[22m  [1m[32m[emitted][39m[22m  CallbackPage
7 error                                                                           [1m[32mConnectedStandaloneRouting.js[39m[22m   31.7 KiB                                                                           [1mConnectedStandaloneRouting[39m[22m  [1m[32m[emitted][39m[22m  ConnectedStandaloneRouting
7 error [1m[32mConnectedStandaloneRouting~IHEInvokeImageDisplay~StudyListRouting~ViewerLocalFileData~ViewerRouting.css[39m[22m   4.94 KiB  [1mConnectedStandaloneRouting~IHEInvokeImageDisplay~StudyListRouting~ViewerLocalFileData~ViewerRouting[39m[22m  [1m[32m[emitted][39m[22m  ConnectedStandaloneRouting~IHEInvokeImageDisplay~StudyListRouting~ViewerLocalFileData~ViewerRouting
7 error  [1m[32mConnectedStandaloneRouting~IHEInvokeImageDisplay~StudyListRouting~ViewerLocalFileData~ViewerRouting.js[39m[22m    103 KiB  [1mConnectedStandaloneRouting~IHEInvokeImageDisplay~StudyListRouting~ViewerLocalFileData~ViewerRouting[39m[22m  [1m[32m[emitted][39m[22m  ConnectedStandaloneRouting~IHEInvokeImageDisplay~StudyListRouting~ViewerLocalFileData~ViewerRouting
7 error                  [1m[32mConnectedStandaloneRouting~IHEInvokeImageDisplay~ViewerLocalFileData~ViewerRouting.css[39m[22m   2.63 KiB                   [1mConnectedStandaloneRouting~IHEInvokeImageDisplay~ViewerLocalFileData~ViewerRouting[39m[22m  [1m[32m[emitted][39m[22m  ConnectedStandaloneRouting~IHEInvokeImageDisplay~ViewerLocalFileData~ViewerRouting
7 error                   [1m[32mConnectedStandaloneRouting~IHEInvokeImageDisplay~ViewerLocalFileData~ViewerRouting.js[39m[22m    267 KiB                   [1mConnectedStandaloneRouting~IHEInvokeImageDisplay~ViewerLocalFileData~ViewerRouting[39m[22m  [1m[32m[emitted][39m[22m  ConnectedStandaloneRouting~IHEInvokeImageDisplay~ViewerLocalFileData~ViewerRouting
7 error                                       [1m[32mConnectedStandaloneRouting~IHEInvokeImageDisplay~ViewerRouting.js[39m[22m   58.7 KiB                                       [1mConnectedStandaloneRouting~IHEInvokeImageDisplay~ViewerRouting[39m[22m  [1m[32m[emitted][39m[22m  ConnectedStandaloneRouting~IHEInvokeImageDisplay~ViewerRouting
7 error                                                                                [1m[32mIHEInvokeImageDisplay.js[39m[22m   7.05 KiB                                                                                [1mIHEInvokeImageDisplay[39m[22m  [1m[32m[emitted][39m[22m  IHEInvokeImageDisplay
7 error                                                                                    [1m[32mStudyListRouting.css[39m[22m   3.27 KiB                                                                                     [1mStudyListRouting[39m[22m  [1m[32m[emitted][39m[22m  StudyListRouting
7 error                                                                                     [1m[32mStudyListRouting.js[39m[22m    268 KiB                                                                                     [1mStudyListRouting[39m[22m  [1m[32m[emitted][39m[22m  StudyListRouting
7 error                                                                 [1m[32mStudyListRouting~ViewerLocalFileData.js[39m[22m   48.2 KiB                                                                 [1mStudyListRouting~ViewerLocalFileData[39m[22m  [1m[32m[emitted][39m[22m  StudyListRouting~ViewerLocalFileData
7 error                                                                       [1m[32mStudyListRouting~ViewerRouting.js[39m[22m   38.2 KiB                                                                       [1mStudyListRouting~ViewerRouting[39m[22m  [1m[32m[emitted][39m[22m  StudyListRouting~ViewerRouting
7 error                                                                                 [1m[32mViewerLocalFileData.css[39m[22m  326 bytes                                                                                  [1mViewerLocalFileData[39m[22m  [1m[32m[emitted][39m[22m  ViewerLocalFileData
7 error                                                                                  [1m[32mViewerLocalFileData.js[39m[22m   23.6 KiB                                                                                  [1mViewerLocalFileData[39m[22m  [1m[32m[emitted][39m[22m  ViewerLocalFileData
7 error                                                                                        [1m[32mViewerRouting.js[39m[22m   13.2 KiB                                                                                        [1mViewerRouting[39m[22m  [1m[32m[emitted][39m[22m  ViewerRouting
7 error                                                                                           [1m[32mapp-config.js[39m[22m   3.77 KiB                                                                                                     [1m[39m[22m  [1m[32m[emitted][39m[22m
7 error                                                                                                 [1m[32mapp.css[39m[22m    141 KiB                                                                                                  [1mapp[39m[22m  [1m[32m[emitted][39m[22m  app
7 error                                                                                                  [1m[32mapp.js[39m[22m     47 MiB                                                                                                  [1mapp[39m[22m  [1m[32m[emitted][39m[22m  app
7 error                                                                                  [1m[32massets/Button_File.svg[39m[22m   3.93 KiB                                                                                                     [1m[39m[22m  [1m[32m[emitted][39m[22m
7 error                                                                                [1m[32massets/Button_Folder.svg[39m[22m   4.03 KiB                                                                                                     [1m[39m[22m  [1m[32m[emitted][39m[22m
7 error                                                                         [1m[32massets/android-icon-144x144.png[39m[22m   17.7 KiB                                                                                                     [1m[39m[22m  [1m[32m[emitted][39m[22m
7 error                                                                         [1m[32massets/android-icon-192x192.png[39m[22m   26.4 KiB                                                                                                     [1m[39m[22m  [1m[32m[emitted][39m[22m
7 error                                                                         [1m[32massets/android-icon-256x256.png[39m[22m   24.2 KiB                                                                                                     [1m[39m[22m  [1m[32m[emitted][39m[22m
7 error                                                                           [1m[32massets/android-icon-36x36.png[39m[22m   3.04 KiB                                                                                                     [1m[39m[22m  [1m[32m[emitted][39m[22m
7 error                                                                         [1m[32massets/android-icon-384x384.png[39m[22m   24.2 KiB                                                                                                     [1m[39m[22m  [1m[32m[emitted][39m[22m
7 error                                                                           [1m[32massets/android-icon-48x48.png[39m[22m   4.27 KiB                                                                                                     [1m[39m[22m  [1m[32m[emitted][39m[22m
7 error                                                                         [1m[32massets/android-icon-512x512.png[39m[22m   24.2 KiB                                                                                                     [1m[39m[22m  [1m[32m[emitted][39m[22m
7 error                                                                           [1m[32massets/android-icon-72x72.png[39m[22m   7.12 KiB                                                                                                     [1m[39m[22m  [1m[32m[emitted][39m[22m
7 error                                                                           [1m[32massets/android-icon-96x96.png[39m[22m   10.5 KiB                                                                                                     [1m[39m[22m  [1m[32m[emitted][39m[22m
7 error                                                                           [1m[32massets/apple-icon-114x114.png[39m[22m     13 KiB                                                                                                     [1m[39m[22m  [1m[32m[emitted][39m[22m
7 error                                                                           [1m[32massets/apple-icon-120x120.png[39m[22m   13.7 KiB                                                                                                     [1m[39m[22m  [1m[32m[emitted][39m[22m
7 error                                                                           [1m[32massets/apple-icon-144x144.png[39m[22m   17.7 KiB                                                                                                     [1m[39m[22m  [1m[32m[emitted][39m[22m
7 error                                                                           [1m[32massets/apple-icon-152x152.png[39m[22m   19.1 KiB                                                                                                     [1m[39m[22m  [1m[32m[emitted][39m[22m
7 error                                                                           [1m[32massets/apple-icon-180x180.png[39m[22m   24.2 KiB                                                                                                     [1m[39m[22m  [1m[32m[emitted][39m[22m
7 error                                                                             [1m[32massets/apple-icon-57x57.png[39m[22m   5.37 KiB                                                                                                     [1m[39m[22m  [1m[32m[emitted][39m[22m
7 error                                                                             [1m[32massets/apple-icon-60x60.png[39m[22m   5.67 KiB                                                                                                     [1m[39m[22m  [1m[32m[emitted][39m[22m
7 error                                                                             [1m[32massets/apple-icon-72x72.png[39m[22m   7.12 KiB                                                                                                     [1m[39m[22m  [1m[32m[emitted][39m[22m
7 error                                                                             [1m[32massets/apple-icon-76x76.png[39m[22m   7.69 KiB                                                                                                     [1m[39m[22m  [1m[32m[emitted][39m[22m
7 error                                                                       [1m[32massets/apple-icon-precomposed.png[39m[22m     27 KiB                                                                                                     [1m[39m[22m  [1m[32m[emitted][39m[22m
7 error                                                                                   [1m[32massets/apple-icon.png[39m[22m     27 KiB                                                                                                     [1m[39m[22m  [1m[32m[emitted][39m[22m
7 error                                                            [1m[32massets/apple-touch-startup-image-320x460.png[39m[22m     27 KiB                                                                                                     [1m[39m[22m  [1m[32m[emitted][39m[22m
7 error                                                                                [1m[32massets/coast-228x228.png[39m[22m   24.2 KiB                                                                                                     [1m[39m[22m  [1m[32m[emitted][39m[22m
7 error                                                                                [1m[32massets/favicon-16x16.png[39m[22m   1.65 KiB                                                                                                     [1m[39m[22m  [1m[32m[emitted][39m[22m
7 error                                                                                [1m[32massets/favicon-32x32.png[39m[22m   2.63 KiB                                                                                                     [1m[39m[22m  [1m[32m[emitted][39m[22m
7 error                                                                                [1m[32massets/favicon-96x96.png[39m[22m   10.5 KiB                                                                                                     [1m[39m[22m  [1m[32m[emitted][39m[22m
7 error                                                                                      [1m[32massets/favicon.ico[39m[22m   14.7 KiB                                                                                                     [1m[39m[22m  [1m[32m[emitted][39m[22m
7 error                                                                                    [1m[32massets/manifest.json[39m[22m  720 bytes                                                                                                     [1m[39m[22m  [1m[32m[emitted][39m[22m
7 error                                                                              [1m[32massets/ms-icon-150x150.png[39m[22m   17.7 KiB                                                                                                     [1m[39m[22m  [1m[32m[emitted][39m[22m
7 error                                                                              [1m[32massets/ms-icon-310x310.png[39m[22m   53.6 KiB                                                                                                     [1m[39m[22m  [1m[32m[emitted][39m[22m
7 error                                                                                [1m[32massets/ms-icon-70x70.png[39m[22m   7.12 KiB                                                                                                     [1m[39m[22m  [1m[32m[emitted][39m[22m
7 error                                                                               [1m[32massets/mstile-144x144.png[39m[22m   18.8 KiB                                                                                                     [1m[39m[22m  [1m[32m[emitted][39m[22m
7 error                                                                               [1m[32massets/mstile-150x150.png[39m[22m   17.7 KiB                                                                                                     [1m[39m[22m  [1m[32m[emitted][39m[22m
7 error                                                                                 [1m[32massets/mstile-70x70.png[39m[22m      7 KiB                                                                                                     [1m[39m[22m  [1m[32m[emitted][39m[22m
7 error                                                                         [1m[32massets/yandex-browser-50x50.png[39m[22m   4.75 KiB                                                                                                     [1m[39m[22m  [1m[32m[emitted][39m[22m
7 error                                                                     [1m[32massets/yandex-browser-manifest.json[39m[22m  155 bytes                                                                                                     [1m[39m[22m  [1m[32m[emitted][39m[22m
7 error                                                                                         [1m[32mes6-shim.min.js[39m[22m   56.3 KiB                                                                                                     [1m[39m[22m  [1m[32m[emitted][39m[22m
7 error                                                                                               [1m[32mgoogle.js[39m[22m   1.02 KiB                                                                                                     [1m[39m[22m  [1m[32m[emitted][39m[22m
7 error                                                                                              [1m[32mindex.html[39m[22m   5.47 KiB                                                                                                     [1m[39m[22m  [1m[32m[emitted][39m[22m
7 error                                                                                  [1m[32minit-service-worker.js[39m[22m   1.91 KiB                                                                                                     [1m[39m[22m  [1m[32m[emitted][39m[22m
7 error                                                                                           [1m[32mmanifest.json[39m[22m   1.27 KiB                                                                                                     [1m[39m[22m  [1m[32m[emitted][39m[22m
7 error                                                                                      [1m[32moidc-client.min.js[39m[22m    240 KiB                                                                                                     [1m[39m[22m  [1m[32m[emitted][39m[22m
7 error                                                                                         [1m[32mpolyfill.min.js[39m[22m   3.06 KiB                                                                                                     [1m[39m[22m  [1m[32m[emitted][39m[22m
7 error                                                                                     [1m[32msilent-refresh.html[39m[22m  579 bytes                                                                                                     [1m[39m[22m  [1m[32m[emitted][39m[22m
7 error                                                                                                   [1m[32msw.js[39m[22m   15.4 KiB                                                                                                     [1m[39m[22m  [1m[32m[emitted][39m[22m
7 error           [1m[32mvendors~ConnectedStandaloneRouting~IHEInvokeImageDisplay~ViewerLocalFileData~ViewerRouting.js[39m[22m    286 KiB           [1mvendors~ConnectedStandaloneRouting~IHEInvokeImageDisplay~ViewerLocalFileData~ViewerRouting[39m[22m  [1m[32m[emitted][39m[22m  vendors~ConnectedStandaloneRouting~IHEInvokeImageDisplay~ViewerLocalFileData~ViewerRouting
7 error                                                                          [1m[32mvendors~ViewerLocalFileData.js[39m[22m    164 KiB                                                                          [1mvendors~ViewerLocalFileData[39m[22m  [1m[32m[emitted][39m[22m  vendors~ViewerLocalFileData
7 error                                                                      [1m[32mvendors~dicom-microscopy-viewer.js[39m[22m   5.18 MiB                                                                      [1mvendors~dicom-microscopy-viewer[39m[22m  [1m[32m[emitted][39m[22m  vendors~dicom-microscopy-viewer
7 error Entrypoint [1mapp[39m[22m = [1m[32mapp.css[39m[22m [1m[32mapp.js[39m[22m
7 error
7 error [1m[33mWARNING in /5.js is 6.32 MB, and won't be precached. Configure maximumFileSizeToCacheInBytes to change this limit.[39m[22m
7 error
7 error [1m[33mWARNING in /app.js is 49.3 MB, and won't be precached. Configure maximumFileSizeToCacheInBytes to change this limit.[39m[22m
7 error
7 error [1m[33mWARNING in /vendors~dicom-microscopy-viewer.js is 5.43 MB, and won't be precached. Configure maximumFileSizeToCacheInBytes to change this limit.[39m[22m
7 error [33m⚠[39m [90m｢wdm｣[39m: Hash: [1m1f7345b2c41f41c7a02a[39m[22m
7 error Version: webpack [1m4.41.2[39m[22m
7 error Time: [1m1753[39m[22mms
7 error Built at: 10/26/2021 [1m10:43:38 AM[39m[22m
7 error                                                                                                                                  [1mAsset[39m[22m       [1mSize[39m[22m                                                                                               [1mChunks[39m[22m  [1m[39m[22m                             [1m[39m[22m[1mChunk Names[39m[22m
7 error                                                                                                                                   [1m[32m0.js[39m[22m    146 KiB                                                                                                    [1m0[39m[22m  [1m[32m[39m[22m
7 error                                                                                                                                   [1m[32m1.js[39m[22m    228 KiB                                                                                                    [1m1[39m[22m  [1m[32m[39m[22m
7 error                                                                                                   [1m[32m2.36d631c312389579e7d9.hot-update.js[39m[22m   1.93 KiB                                                                                                    [1m2[39m[22m  [1m[32m[emitted] [immutable] [hmr][39m[22m
7 error                                                                                                                                  [1m[32m2.css[39m[22m   1.15 KiB                                                                                                    [1m2[39m[22m  [1m[32m[emitted][39m[22m
7 error                                                                                                                                   [1m[32m2.js[39m[22m     72 KiB                                                                                                    [1m2[39m[22m  [1m[32m[emitted][39m[22m
7 error                                                                                                   [1m[32m3.36d631c312389579e7d9.hot-update.js[39m[22m   2.13 KiB                                                                                                    [1m3[39m[22m  [1m[32m[emitted] [immutable] [hmr][39m[22m
7 error                                                                                                                                  [1m[32m3.css[39m[22m   1.42 KiB                                                                                                    [1m3[39m[22m  [1m[32m[emitted][39m[22m
7 error                                                                                                                                   [1m[32m3.js[39m[22m   79.6 KiB                                                                                                    [1m3[39m[22m  [1m[32m[emitted][39m[22m
7 error                                                                                                   [1m[32m36d631c312389579e7d9.hot-update.json[39m[22m  320 bytes                                                                                                     [1m[39m[22m  [1m[32m[emitted] [immutable] [hmr][39m[22m
7 error                                                                                                   [1m[32m4.36d631c312389579e7d9.hot-update.js[39m[22m   1.94 KiB                                                                                                    [1m4[39m[22m  [1m[32m[emitted] [immutable] [hmr][39m[22m
7 error                                                                                                                                  [1m[32m4.css[39m[22m  188 bytes                                                                                                    [1m4[39m[22m  [1m[32m[emitted][39m[22m
7 error                                                                                                                                   [1m[32m4.js[39m[22m   57.8 KiB                                                                                                    [1m4[39m[22m  [1m[32m[emitted][39m[22m
7 error                                                                                                                                   [1m[32m5.js[39m[22m   6.02 MiB                                                                                                    [1m5[39m[22m  [1m[32m[39m[22m
7 error                                                                                                                                   [1m[32m6.js[39m[22m   18.4 KiB                                                                                                    [1m6[39m[22m  [1m[32m[39m[22m
7 error                                                                                                                                   [1m[32m7.js[39m[22m    994 KiB                                                                                                    [1m7[39m[22m  [1m[32m[39m[22m
7 error                                                                                                                        [1m[32mCallbackPage.js[39m[22m    8.9 KiB                                                                                         [1mCallbackPage[39m[22m  [1m[32m[39m[22m                             CallbackPage
7 error                                                                                                          [1m[32mConnectedStandaloneRouting.js[39m[22m   31.7 KiB                                                                           [1mConnectedStandaloneRouting[39m[22m  [1m[32m[39m[22m                             ConnectedStandaloneRouting
7 error [1m[32mConnectedStandaloneRouting~IHEInvokeImageDisplay~StudyListRouting~ViewerLocalFileData~ViewerRouting.36d631c312389579e7d9.hot-update.js[39m[22m   9.39 KiB  [1mConnectedStandaloneRouting~IHEInvokeImageDisplay~StudyListRouting~ViewerLocalFileData~ViewerRouting[39m[22m  [1m[32m[emitted] [immutable] [hmr][39m[22m  ConnectedStandaloneRouting~IHEInvokeImageDisplay~StudyListRouting~ViewerLocalFileData~ViewerRouting
7 error                                [1m[32mConnectedStandaloneRouting~IHEInvokeImageDisplay~StudyListRouting~ViewerLocalFileData~ViewerRouting.css[39m[22m   4.94 KiB  [1mConnectedStandaloneRouting~IHEInvokeImageDisplay~StudyListRouting~ViewerLocalFileData~ViewerRouting[39m[22m  [1m[32m[emitted][39m[22m                    ConnectedStandaloneRouting~IHEInvokeImageDisplay~StudyListRouting~ViewerLocalFileData~ViewerRouting
7 error                                 [1m[32mConnectedStandaloneRouting~IHEInvokeImageDisplay~StudyListRouting~ViewerLocalFileData~ViewerRouting.js[39m[22m    103 KiB  [1mConnectedStandaloneRouting~IHEInvokeImageDisplay~StudyListRouting~ViewerLocalFileData~ViewerRouting[39m[22m  [1m[32m[emitted][39m[22m                    ConnectedStandaloneRouting~IHEInvokeImageDisplay~StudyListRouting~ViewerLocalFileData~ViewerRouting
7 error                  [1m[32mConnectedStandaloneRouting~IHEInvokeImageDisplay~ViewerLocalFileData~ViewerRouting.36d631c312389579e7d9.hot-update.js[39m[22m   12.6 KiB                   [1mConnectedStandaloneRouting~IHEInvokeImageDisplay~ViewerLocalFileData~ViewerRouting[39m[22m  [1m[32m[emitted] [immutable] [hmr][39m[22m  ConnectedStandaloneRouting~IHEInvokeImageDisplay~ViewerLocalFileData~ViewerRouting
7 error                                                 [1m[32mConnectedStandaloneRouting~IHEInvokeImageDisplay~ViewerLocalFileData~ViewerRouting.css[39m[22m   2.63 KiB                   [1mConnectedStandaloneRouting~IHEInvokeImageDisplay~ViewerLocalFileData~ViewerRouting[39m[22m  [1m[32m[emitted][39m[22m                    ConnectedStandaloneRouting~IHEInvokeImageDisplay~ViewerLocalFileData~ViewerRouting
7 error                                                  [1m[32mConnectedStandaloneRouting~IHEInvokeImageDisplay~ViewerLocalFileData~ViewerRouting.js[39m[22m    267 KiB                   [1mConnectedStandaloneRouting~IHEInvokeImageDisplay~ViewerLocalFileData~ViewerRouting[39m[22m  [1m[32m[emitted][39m[22m                    ConnectedStandaloneRouting~IHEInvokeImageDisplay~ViewerLocalFileData~ViewerRouting
7 error                                                                      [1m[32mConnectedStandaloneRouting~IHEInvokeImageDisplay~ViewerRouting.js[39m[22m   58.7 KiB                                       [1mConnectedStandaloneRouting~IHEInvokeImageDisplay~ViewerRouting[39m[22m  [1m[32m[39m[22m                             ConnectedStandaloneRouting~IHEInvokeImageDisplay~ViewerRouting
7 error                                                                                                               [1m[32mIHEInvokeImageDisplay.js[39m[22m   7.05 KiB                                                                                [1mIHEInvokeImageDisplay[39m[22m  [1m[32m[39m[22m                             IHEInvokeImageDisplay
7 error                                                                                    [1m[32mStudyListRouting.36d631c312389579e7d9.hot-update.js[39m[22m   3.48 KiB                                                                                     [1mStudyListRouting[39m[22m  [1m[32m[emitted] [immutable] [hmr][39m[22m  StudyListRouting
7 error                                                                                                                   [1m[32mStudyListRouting.css[39m[22m   3.27 KiB                                                                                     [1mStudyListRouting[39m[22m  [1m[32m[emitted][39m[22m                    StudyListRouting
7 error                                                                                                                    [1m[32mStudyListRouting.js[39m[22m    268 KiB                                                                                     [1mStudyListRouting[39m[22m  [1m[32m[emitted][39m[22m                    StudyListRouting
7 error                                                                                                [1m[32mStudyListRouting~ViewerLocalFileData.js[39m[22m   48.2 KiB                                                                 [1mStudyListRouting~ViewerLocalFileData[39m[22m  [1m[32m[39m[22m                             StudyListRouting~ViewerLocalFileData
7 error                                                                                                      [1m[32mStudyListRouting~ViewerRouting.js[39m[22m   38.2 KiB                                                                       [1mStudyListRouting~ViewerRouting[39m[22m  [1m[32m[39m[22m                             StudyListRouting~ViewerRouting
7 error                                                                                 [1m[32mViewerLocalFileData.36d631c312389579e7d9.hot-update.js[39m[22m   1.87 KiB                                                                                  [1mViewerLocalFileData[39m[22m  [1m[32m[emitted] [immutable] [hmr][39m[22m  ViewerLocalFileData
7 error                                                                                                                [1m[32mViewerLocalFileData.css[39m[22m  326 bytes                                                                                  [1mViewerLocalFileData[39m[22m  [1m[32m[emitted][39m[22m                    ViewerLocalFileData
7 error                                                                                                                 [1m[32mViewerLocalFileData.js[39m[22m   23.6 KiB                                                                                  [1mViewerLocalFileData[39m[22m  [1m[32m[emitted][39m[22m                    ViewerLocalFileData
7 error                                                                                                                       [1m[32mViewerRouting.js[39m[22m   13.2 KiB                                                                                        [1mViewerRouting[39m[22m  [1m[32m[39m[22m                             ViewerRouting
7 error                                                                                                 [1m[32mapp.36d631c312389579e7d9.hot-update.js[39m[22m    175 KiB                                                                                                  [1mapp[39m[22m  [1m[32m[emitted] [immutable] [hmr][39m[22m  app
7 error                                                                                                                                [1m[32mapp.css[39m[22m    141 KiB                                                                                                  [1mapp[39m[22m  [1m[32m[emitted][39m[22m                    app
7 error                                                                                                                                 [1m[32mapp.js[39m[22m     47 MiB                                                                                                  [1mapp[39m[22m  [1m[32m[emitted][39m[22m                    app
7 error                                                                                                                             [1m[32mindex.html[39m[22m   5.47 KiB                                                                                                     [1m[39m[22m  [1m[32m[emitted][39m[22m
7 error                                                                                                                                  [1m[32msw.js[39m[22m   12.8 KiB                                                                                                     [1m[39m[22m  [1m[32m[emitted][39m[22m
7 error                                          [1m[32mvendors~ConnectedStandaloneRouting~IHEInvokeImageDisplay~ViewerLocalFileData~ViewerRouting.js[39m[22m    286 KiB           [1mvendors~ConnectedStandaloneRouting~IHEInvokeImageDisplay~ViewerLocalFileData~ViewerRouting[39m[22m  [1m[32m[39m[22m                             vendors~ConnectedStandaloneRouting~IHEInvokeImageDisplay~ViewerLocalFileData~ViewerRouting
7 error                                                                                                         [1m[32mvendors~ViewerLocalFileData.js[39m[22m    164 KiB                                                                          [1mvendors~ViewerLocalFileData[39m[22m  [1m[32m[39m[22m                             vendors~ViewerLocalFileData
7 error                                                                                                     [1m[32mvendors~dicom-microscopy-viewer.js[39m[22m   5.18 MiB                                                                      [1mvendors~dicom-microscopy-viewer[39m[22m  [1m[32m[39m[22m                             vendors~dicom-microscopy-viewer
7 error Entrypoint [1mapp[39m[22m = [1m[32mapp.css[39m[22m [1m[32mapp.js[39m[22m [1m[32mapp.36d631c312389579e7d9.hot-update.js[39m[22m
7 error
7 error [1m[33mWARNING in InjectManifest has been called multiple times, perhaps due to running webpack in --watch mode. The precache manifest generated after the first call may be inaccurate! Please see https://github.com/GoogleChrome/workbox/issues/1790 for more information.[39m[22m
7 error
7 error [1m[33mWARNING in /5.js is 6.32 MB, and won't be precached. Configure maximumFileSizeToCacheInBytes to change this limit.[39m[22m
7 error
7 error [1m[33mWARNING in /app.js is 49.3 MB, and won't be precached. Configure maximumFileSizeToCacheInBytes to change this limit.[39m[22m
7 error
7 error [1m[33mWARNING in /vendors~dicom-microscopy-viewer.js is 5.43 MB, and won't be precached. Configure maximumFileSizeToCacheInBytes to change this limit.[39m[22m
7 error [33m⚠[39m [90m｢wdm｣[39m: Hash: [1m309b3199f07af44e8641[39m[22m
7 error Version: webpack [1m4.41.2[39m[22m
7 error Time: [1m1611[39m[22mms
7 error Built at: 10/26/2021 [1m10:46:09 AM[39m[22m
7 error                                                                                                   [1mAsset[39m[22m       [1mSize[39m[22m                                                                                               [1mChunks[39m[22m  [1m[39m[22m                             [1m[39m[22m[1mChunk Names[39m[22m
7 error                                                                                                    [1m[32m0.js[39m[22m    146 KiB                                                                                                    [1m0[39m[22m  [1m[32m[39m[22m
7 error                                                                                                    [1m[32m1.js[39m[22m    228 KiB                                                                                                    [1m1[39m[22m  [1m[32m[39m[22m
7 error                                                                    [1m[32m1f7345b2c41f41c7a02a.hot-update.json[39m[22m   45 bytes                                                                                                     [1m[39m[22m  [1m[32m[emitted] [immutable] [hmr][39m[22m
7 error                                                                                                   [1m[32m2.css[39m[22m   1.15 KiB                                                                                                    [1m2[39m[22m  [1m[32m[39m[22m
7 error                                                                                                    [1m[32m2.js[39m[22m     72 KiB                                                                                                    [1m2[39m[22m  [1m[32m[39m[22m
7 error                                                                                                   [1m[32m3.css[39m[22m   1.42 KiB                                                                                                    [1m3[39m[22m  [1m[32m[39m[22m
7 error                                                                                                    [1m[32m3.js[39m[22m   79.6 KiB                                                                                                    [1m3[39m[22m  [1m[32m[39m[22m
7 error                                                                                                   [1m[32m4.css[39m[22m  188 bytes                                                                                                    [1m4[39m[22m  [1m[32m[39m[22m
7 error                                                                                                    [1m[32m4.js[39m[22m   57.8 KiB                                                                                                    [1m4[39m[22m  [1m[32m[39m[22m
7 error                                                                                                    [1m[32m5.js[39m[22m   6.02 MiB                                                                                                    [1m5[39m[22m  [1m[32m[39m[22m
7 error                                                                                                    [1m[32m6.js[39m[22m   18.4 KiB                                                                                                    [1m6[39m[22m  [1m[32m[39m[22m
7 error                                                                                                    [1m[32m7.js[39m[22m    994 KiB                                                                                                    [1m7[39m[22m  [1m[32m[39m[22m
7 error                                                                                         [1m[32mCallbackPage.js[39m[22m    8.9 KiB                                                                                         [1mCallbackPage[39m[22m  [1m[32m[39m[22m                             CallbackPage
7 error                                                                           [1m[32mConnectedStandaloneRouting.js[39m[22m   31.7 KiB                                                                           [1mConnectedStandaloneRouting[39m[22m  [1m[32m[39m[22m                             ConnectedStandaloneRouting
7 error [1m[32mConnectedStandaloneRouting~IHEInvokeImageDisplay~StudyListRouting~ViewerLocalFileData~ViewerRouting.css[39m[22m   4.94 KiB  [1mConnectedStandaloneRouting~IHEInvokeImageDisplay~StudyListRouting~ViewerLocalFileData~ViewerRouting[39m[22m  [1m[32m[39m[22m                             ConnectedStandaloneRouting~IHEInvokeImageDisplay~StudyListRouting~ViewerLocalFileData~ViewerRouting
7 error  [1m[32mConnectedStandaloneRouting~IHEInvokeImageDisplay~StudyListRouting~ViewerLocalFileData~ViewerRouting.js[39m[22m    103 KiB  [1mConnectedStandaloneRouting~IHEInvokeImageDisplay~StudyListRouting~ViewerLocalFileData~ViewerRouting[39m[22m  [1m[32m[39m[22m                             ConnectedStandaloneRouting~IHEInvokeImageDisplay~StudyListRouting~ViewerLocalFileData~ViewerRouting
7 error                  [1m[32mConnectedStandaloneRouting~IHEInvokeImageDisplay~ViewerLocalFileData~ViewerRouting.css[39m[22m   2.63 KiB                   [1mConnectedStandaloneRouting~IHEInvokeImageDisplay~ViewerLocalFileData~ViewerRouting[39m[22m  [1m[32m[39m[22m                             ConnectedStandaloneRouting~IHEInvokeImageDisplay~ViewerLocalFileData~ViewerRouting
7 error                   [1m[32mConnectedStandaloneRouting~IHEInvokeImageDisplay~ViewerLocalFileData~ViewerRouting.js[39m[22m    267 KiB                   [1mConnectedStandaloneRouting~IHEInvokeImageDisplay~ViewerLocalFileData~ViewerRouting[39m[22m  [1m[32m[39m[22m                             ConnectedStandaloneRouting~IHEInvokeImageDisplay~ViewerLocalFileData~ViewerRouting
7 error                                       [1m[32mConnectedStandaloneRouting~IHEInvokeImageDisplay~ViewerRouting.js[39m[22m   58.7 KiB                                       [1mConnectedStandaloneRouting~IHEInvokeImageDisplay~ViewerRouting[39m[22m  [1m[32m[39m[22m                             ConnectedStandaloneRouting~IHEInvokeImageDisplay~ViewerRouting
7 error                                                                                [1m[32mIHEInvokeImageDisplay.js[39m[22m   7.05 KiB                                                                                [1mIHEInvokeImageDisplay[39m[22m  [1m[32m[39m[22m                             IHEInvokeImageDisplay
7 error                                                                                    [1m[32mStudyListRouting.css[39m[22m   3.27 KiB                                                                                     [1mStudyListRouting[39m[22m  [1m[32m[39m[22m                             StudyListRouting
7 error                                                                                     [1m[32mStudyListRouting.js[39m[22m    268 KiB                                                                                     [1mStudyListRouting[39m[22m  [1m[32m[39m[22m                             StudyListRouting
7 error                                                                 [1m[32mStudyListRouting~ViewerLocalFileData.js[39m[22m   48.2 KiB                                                                 [1mStudyListRouting~ViewerLocalFileData[39m[22m  [1m[32m[39m[22m                             StudyListRouting~ViewerLocalFileData
7 error                                                                       [1m[32mStudyListRouting~ViewerRouting.js[39m[22m   38.2 KiB                                                                       [1mStudyListRouting~ViewerRouting[39m[22m  [1m[32m[39m[22m                             StudyListRouting~ViewerRouting
7 error                                                                                 [1m[32mViewerLocalFileData.css[39m[22m  326 bytes                                                                                  [1mViewerLocalFileData[39m[22m  [1m[32m[39m[22m                             ViewerLocalFileData
7 error                                                                                  [1m[32mViewerLocalFileData.js[39m[22m   23.6 KiB                                                                                  [1mViewerLocalFileData[39m[22m  [1m[32m[39m[22m                             ViewerLocalFileData
7 error                                                                                        [1m[32mViewerRouting.js[39m[22m   13.2 KiB                                                                                        [1mViewerRouting[39m[22m  [1m[32m[39m[22m                             ViewerRouting
7 error                                                                  [1m[32mapp.1f7345b2c41f41c7a02a.hot-update.js[39m[22m   41.4 KiB                                                                                                  [1mapp[39m[22m  [1m[32m[emitted] [immutable] [hmr][39m[22m  app
7 error                                                                                                 [1m[32mapp.css[39m[22m    141 KiB                                                                                                  [1mapp[39m[22m  [1m[32m[39m[22m                             app
7 error                                                                                                  [1m[32mapp.js[39m[22m     47 MiB                                                                                                  [1mapp[39m[22m  [1m[32m[emitted][39m[22m                    app
7 error                                                                                              [1m[32mindex.html[39m[22m   5.47 KiB                                                                                                     [1m[39m[22m  [1m[32m[emitted][39m[22m
7 error                                                                                                   [1m[32msw.js[39m[22m     12 KiB                                                                                                     [1m[39m[22m  [1m[32m[emitted][39m[22m
7 error           [1m[32mvendors~ConnectedStandaloneRouting~IHEInvokeImageDisplay~ViewerLocalFileData~ViewerRouting.js[39m[22m    286 KiB           [1mvendors~ConnectedStandaloneRouting~IHEInvokeImageDisplay~ViewerLocalFileData~ViewerRouting[39m[22m  [1m[32m[39m[22m                             vendors~ConnectedStandaloneRouting~IHEInvokeImageDisplay~ViewerLocalFileData~ViewerRouting
7 error                                                                          [1m[32mvendors~ViewerLocalFileData.js[39m[22m    164 KiB                                                                          [1mvendors~ViewerLocalFileData[39m[22m  [1m[32m[39m[22m                             vendors~ViewerLocalFileData
7 error                                                                      [1m[32mvendors~dicom-microscopy-viewer.js[39m[22m   5.18 MiB                                                                      [1mvendors~dicom-microscopy-viewer[39m[22m  [1m[32m[39m[22m                             vendors~dicom-microscopy-viewer
7 error Entrypoint [1mapp[39m[22m = [1m[32mapp.css[39m[22m [1m[32mapp.js[39m[22m [1m[32mapp.1f7345b2c41f41c7a02a.hot-update.js[39m[22m
7 error
7 error [1m[33mWARNING in InjectManifest has been called multiple times, perhaps due to running webpack in --watch mode. The precache manifest generated after the first call may be inaccurate! Please see https://github.com/GoogleChrome/workbox/issues/1790 for more information.[39m[22m
7 error
7 error [1m[33mWARNING in /5.js is 6.32 MB, and won't be precached. Configure maximumFileSizeToCacheInBytes to change this limit.[39m[22m
7 error
7 error [1m[33mWARNING in /app.js is 49.3 MB, and won't be precached. Configure maximumFileSizeToCacheInBytes to change this limit.[39m[22m
7 error
7 error [1m[33mWARNING in /vendors~dicom-microscopy-viewer.js is 5.43 MB, and won't be precached. Configure maximumFileSizeToCacheInBytes to change this limit.[39m[22m
7 error
7 error $ yarn run dev
7 error $ cross-env NODE_ENV=development webpack-dev-server --config .webpack/webpack.pwa.js --watch
7 error [34mℹ[39m [90m｢wds｣[39m: Project is running at [1m[34mhttp://localhost:3000/[39m[22m
7 error [34mℹ[39m [90m｢wds｣[39m: webpack output is served from [1m[34m/[39m[22m
7 error [34mℹ[39m [90m｢wds｣[39m: Content not from webpack is served from [1m[34m/home/ed/apollo-viewer/platform/viewer[39m[22m
7 error [34mℹ[39m [90m｢wds｣[39m: 404s will fallback to [1m[34m/index.html[39m[22m
7 error [34mℹ[39m [90m｢wdm｣[39m: wait until bundle finished: /
7 error [34mℹ[39m [90m｢wdm｣[39m: Compiled with warnings.
7 error [34mℹ[39m [90m｢wdm｣[39m: Compiling...
7 error [34mℹ[39m [90m｢wdm｣[39m: Compiled with warnings.
7 error [34mℹ[39m [90m｢wdm｣[39m: Compiling...
7 error [34mℹ[39m [90m｢wdm｣[39m: Compiled with warnings.
7 error
7 error     at makeError (/home/ed/apollo-viewer/node_modules/execa/index.js:174:9)
7 error     at /home/ed/apollo-viewer/node_modules/execa/index.js:278:16
